<?xml version="1.0" encoding="UTF-8"?>
<testng-results ignored="0" total="2" passed="2" failed="0" skipped="0">
  <reporter-output>
  </reporter-output>
  <suite started-at="2021-07-27T12:30:53 IST" name="Suite" finished-at="2021-07-27T12:32:28 IST" duration-ms="95221">
    <groups>
    </groups>
    <test started-at="2021-07-27T12:30:53 IST" name="ChromeTest" finished-at="2021-07-27T12:32:20 IST" duration-ms="86968">
      <class name="demoTestNG.Google">
        <test-method signature="tc(java.lang.String)[pri:0, instance:demoTestNG.Google@6ac13091]" started-at="2021-07-27T12:30:53 IST" name="tc" finished-at="2021-07-27T12:32:20 IST" duration-ms="86789" status="PASS">
          <params>
            <param index="0">
              <value>
                <![CDATA[Chrome]]>
              </value>
            </param>
          </params>
          <reporter-output>
          </reporter-output>
        </test-method> <!-- tc -->
      </class> <!-- demoTestNG.Google -->
    </test> <!-- ChromeTest -->
    <test started-at="2021-07-27T12:30:53 IST" name="FirefoxTest" finished-at="2021-07-27T12:32:28 IST" duration-ms="95142">
      <class name="demoTestNG.Google">
        <test-method signature="tc(java.lang.String)[pri:0, instance:demoTestNG.Google@57c758ac]" started-at="2021-07-27T12:30:53 IST" name="tc" finished-at="2021-07-27T12:32:28 IST" duration-ms="95108" status="PASS">
          <params>
            <param index="0">
              <value>
                <![CDATA[Firefox]]>
              </value>
            </param>
          </params>
          <reporter-output>
          </reporter-output>
        </test-method> <!-- tc -->
      </class> <!-- demoTestNG.Google -->
    </test> <!-- FirefoxTest -->
  </suite> <!-- Suite -->
</testng-results>
